Using pre-set license

 COMMAND LINE ARGUMENTS:
/Applications/Unity/Hub/Editor/2021.1.2f1/Unity.app/Contents/MacOS/Unity
-adb2
-batchMode
-noUpm
-name
AssetImportWorker0
-projectPath
/Users/harasogo/Desktop/CatCloud
-logFile
Logs/AssetImportWorker0.log
-srvPort
59292
Successfully changed project path to: /Users/harasogo/Desktop/CatCloud
/Users/harasogo/Desktop/CatCloud
Using Asset Import Pipeline V2.
Refreshing native plugins compatible for Editor in 100.80 ms, found 2 plugins.
Preloading 0 native plugins for Editor in 0.00 ms.
Initialize engine version: 2021.1.2f1 (e5d502d80fbb)
[Subsystems] Discovering subsystems at path /Applications/Unity/Hub/Editor/2021.1.2f1/Unity.app/Contents/Resources/UnitySubsystems
[Subsystems] Discovering subsystems at path /Users/harasogo/Desktop/CatCloud/Assets
GfxDevice: creating device client; threaded=0; jobified=0
2021-05-25 00:24:49.795 Unity[18185:681642] BenQ GW2265 preferred device: Intel(R) Iris(TM) Plus Graphics 645 (low power)
2021-05-25 00:24:49.795 Unity[18185:681642] Metal devices available: 1
2021-05-25 00:24:49.795 Unity[18185:681642] 0: Intel(R) Iris(TM) Plus Graphics 645 (low power)
2021-05-25 00:24:49.796 Unity[18185:681642] Using device Intel(R) Iris(TM) Plus Graphics 645 (low power)
Initializing Metal device caps: Intel(R) Iris(TM) Plus Graphics 645
Initialize mono
Mono path[0] = '/Applications/Unity/Hub/Editor/2021.1.2f1/Unity.app/Contents/Managed'
Mono path[1] = '/Applications/Unity/Hub/Editor/2021.1.2f1/Unity.app/Contents/MonoBleedingEdge/lib/mono/unityjit'
Mono config path = '/Applications/Unity/Hub/Editor/2021.1.2f1/Unity.app/Contents/MonoBleedingEdge/etc'
Using monoOptions --debugger-agent=transport=dt_socket,embedding=1,server=y,suspend=n,address=127.0.0.1:56185
Begin MonoManager ReloadAssembly
Registering precompiled unity dll's ...
Register platform support module: /Applications/Unity/Hub/Editor/2021.1.2f1/Unity.app/Contents/PlaybackEngines/MacStandaloneSupport/UnityEditor.OSXStandalone.Extensions.dll
Registered in 0.001839 seconds.
Native extension for OSXStandalone target not found
Refreshing native plugins compatible for Editor in 103.48 ms, found 2 plugins.
Preloading 0 native plugins for Editor in 0.00 ms.
Mono: successfully reloaded assembly
- Completed reload, in  5.595 seconds
Platform modules already initialized, skipping
Registering precompiled user dll's ...
Registered in 0.005269 seconds.
Begin MonoManager ReloadAssembly
Native extension for OSXStandalone target not found
Refreshing native plugins compatible for Editor in 104.18 ms, found 2 plugins.
Preloading 0 native plugins for Editor in 0.00 ms.
Mono: successfully reloaded assembly
- Completed reload, in  1.537 seconds
Platform modules already initialized, skipping
========================================================================
Worker process is ready to serve import requests
Launching external process: /Applications/Unity/Hub/Editor/2021.1.2f1/Unity.app/Contents/Tools/UnityShaderCompiler
Launched and connected shader compiler UnityShaderCompiler after 0.02 seconds
Refreshing native plugins compatible for Editor in 0.78 ms, found 2 plugins.
Preloading 0 native plugins for Editor in 0.00 ms.
Unloading 3366 Unused Serialized files (Serialized files now loaded: 0)
System memory in use before: 209.1 MB.
System memory in use after: 209.2 MB.

Unloading 29 unused Assets to reduce memory usage. Loaded Objects now: 3818.
Total: 13.905352 ms (FindLiveObjects: 2.845568 ms CreateObjectMapping: 0.219593 ms MarkObjects: 10.191488 ms  DeleteObjects: 0.647354 ms)

========================================================================
Received Import Request.
  path: Assets/background_clear.png
  artifactKey: Guid(f26c8218711f24506acfd5a7c562430d) Importer(815301076,1909f56bfc062723c751e8b465ee728b)
Start importing Assets/background_clear.png using Guid(f26c8218711f24506acfd5a7c562430d) Importer(815301076,1909f56bfc062723c751e8b465ee728b)  -> (artifact id: '82fd0fd4efd19d88b0bbe3abf858ae8d') in 1.619872 seconds 
========================================================================
Received Import Request.
  Time since last request: 0.000252 seconds.
  path: Assets/background_clear.png
  artifactKey: Guid(f26c8218711f24506acfd5a7c562430d) Importer(815301076,1909f56bfc062723c751e8b465ee728b)
Start importing Assets/background_clear.png using Guid(f26c8218711f24506acfd5a7c562430d) Importer(815301076,1909f56bfc062723c751e8b465ee728b)  -> (artifact id: '82fd0fd4efd19d88b0bbe3abf858ae8d') in 0.011728 seconds 
========================================================================
Received Import Request.
  Time since last request: 0.000294 seconds.
  path: Assets/cat_jump1.png
  artifactKey: Guid(a24d5b4eb5ce5464a9080ae9d79faa8b) Importer(815301076,1909f56bfc062723c751e8b465ee728b)
Start importing Assets/cat_jump1.png using Guid(a24d5b4eb5ce5464a9080ae9d79faa8b) Importer(815301076,1909f56bfc062723c751e8b465ee728b)  -> (artifact id: '66c95418e69ac17e105c2856fa5cc1d2') in 0.010452 seconds 
========================================================================
Received Import Request.
  Time since last request: 0.000229 seconds.
  path: Assets/background.png
  artifactKey: Guid(686d9c7e38d9c4e84b68b55622fa74cb) Importer(815301076,1909f56bfc062723c751e8b465ee728b)
Start importing Assets/background.png using Guid(686d9c7e38d9c4e84b68b55622fa74cb) Importer(815301076,1909f56bfc062723c751e8b465ee728b)  -> (artifact id: 'c87d323547d026e2a6a2ed4918118173') in 0.013382 seconds 
========================================================================
Received Import Request.
  Time since last request: 5.905127 seconds.
  path: Assets/cat_jump2.png
  artifactKey: Guid(5d12967799c4b456f8698df935ef0cc1) Importer(815301076,1909f56bfc062723c751e8b465ee728b)
Start importing Assets/cat_jump2.png using Guid(5d12967799c4b456f8698df935ef0cc1) Importer(815301076,1909f56bfc062723c751e8b465ee728b)  -> (artifact id: '2c49f9a8d3744839fd14fe5f5c3fb4af') in 0.029387 seconds 
========================================================================
Received Import Request.
  Time since last request: 3.989434 seconds.
  path: Assets/cat_jump3.png
  artifactKey: Guid(854e9d604f9e945b9a27e4e0c31e37d7) Importer(815301076,1909f56bfc062723c751e8b465ee728b)
Start importing Assets/cat_jump3.png using Guid(854e9d604f9e945b9a27e4e0c31e37d7) Importer(815301076,1909f56bfc062723c751e8b465ee728b)  -> (artifact id: 'db64e768c3bc21f19e98858f1eb80939') in 0.009333 seconds 
========================================================================
Received Import Request.
  Time since last request: 16.944257 seconds.
  path: Assets/cat_walk1.png
  artifactKey: Guid(a916bd79b1a2f4845858f7892ac04d1b) Importer(815301076,1909f56bfc062723c751e8b465ee728b)
Start importing Assets/cat_walk1.png using Guid(a916bd79b1a2f4845858f7892ac04d1b) Importer(815301076,1909f56bfc062723c751e8b465ee728b)  -> (artifact id: '70693abfa8b601adaceda6b1e2268df9') in 0.013993 seconds 
========================================================================
Received Import Request.
  Time since last request: 13.759955 seconds.
  path: Assets/cat_walk2.png
  artifactKey: Guid(d33d8c9ab262142b49f0b24be5ae3f1e) Importer(815301076,1909f56bfc062723c751e8b465ee728b)
Start importing Assets/cat_walk2.png using Guid(d33d8c9ab262142b49f0b24be5ae3f1e) Importer(815301076,1909f56bfc062723c751e8b465ee728b)  -> (artifact id: 'b089a400f649d0c59bd6cb31d8b7653c') in 0.012618 seconds 
========================================================================
Received Import Request.
  Time since last request: 5.059761 seconds.
  path: Assets/cat_walk3.png
  artifactKey: Guid(2e6a6ada754a04738abe12eaf8a73679) Importer(815301076,1909f56bfc062723c751e8b465ee728b)
Start importing Assets/cat_walk3.png using Guid(2e6a6ada754a04738abe12eaf8a73679) Importer(815301076,1909f56bfc062723c751e8b465ee728b)  -> (artifact id: '37a3f5ee49fe8d18b33df7675bbb18cf') in 0.011128 seconds 
========================================================================
Received Import Request.
  Time since last request: 6.584783 seconds.
  path: Assets/cat.png
  artifactKey: Guid(e13d2399da52e481489890e14d85f921) Importer(815301076,1909f56bfc062723c751e8b465ee728b)
Start importing Assets/cat.png using Guid(e13d2399da52e481489890e14d85f921) Importer(815301076,1909f56bfc062723c751e8b465ee728b)  -> (artifact id: 'a9c13a4835fe2722ace0dbf378ab5b70') in 0.013157 seconds 
========================================================================
Received Import Request.
  Time since last request: 5.026064 seconds.
  path: Assets/cloud.png
  artifactKey: Guid(5518e319defdc4651b3e8b79f71ed9a9) Importer(815301076,1909f56bfc062723c751e8b465ee728b)
Start importing Assets/cloud.png using Guid(5518e319defdc4651b3e8b79f71ed9a9) Importer(815301076,1909f56bfc062723c751e8b465ee728b)  -> (artifact id: '259b4c7f50231e404ff9adf87e01b555') in 0.012970 seconds 
========================================================================
Received Import Request.
  Time since last request: 2.933885 seconds.
  path: Assets/flag.png
  artifactKey: Guid(7e3bdf6ea11644ff0b21fe1c05f19d22) Importer(815301076,1909f56bfc062723c751e8b465ee728b)
Start importing Assets/flag.png using Guid(7e3bdf6ea11644ff0b21fe1c05f19d22) Importer(815301076,1909f56bfc062723c751e8b465ee728b)  -> (artifact id: '83cf0e1d2d642980c3bd08e577f69d3e') in 0.013330 seconds 
========================================================================
Received Import Request.
  Time since last request: 12.876717 seconds.
  path: Assets/chapter6/background.png
  artifactKey: Guid(db2804c4f853344738ad2645db947bf4) Importer(815301076,1909f56bfc062723c751e8b465ee728b)
Start importing Assets/chapter6/background.png using Guid(db2804c4f853344738ad2645db947bf4) Importer(815301076,1909f56bfc062723c751e8b465ee728b)  -> (artifact id: '347c57aa4e984398a0c075a456e77a9c') in 0.010403 seconds 
========================================================================
Received Import Request.
  Time since last request: 0.000203 seconds.
  path: Assets/chapter6/cat_jump1.png
  artifactKey: Guid(61598901c9a794b348f99055375ca30d) Importer(815301076,1909f56bfc062723c751e8b465ee728b)
Start importing Assets/chapter6/cat_jump1.png using Guid(61598901c9a794b348f99055375ca30d) Importer(815301076,1909f56bfc062723c751e8b465ee728b)  -> (artifact id: '2b66a7e18b094df404031015df431798') in 0.008182 seconds 
========================================================================
Received Import Request.
  Time since last request: 0.000217 seconds.
  path: Assets/chapter6/background_clear.png
  artifactKey: Guid(baf155119999c423fb417f8cc0fd4da0) Importer(815301076,1909f56bfc062723c751e8b465ee728b)
Start importing Assets/chapter6/background_clear.png using Guid(baf155119999c423fb417f8cc0fd4da0) Importer(815301076,1909f56bfc062723c751e8b465ee728b)  -> (artifact id: '1bda72148a2fc67f31ad78f9f4314cd5') in 0.009347 seconds 
========================================================================
Received Import Request.
  Time since last request: 0.000205 seconds.
  path: Assets/chapter6/cat_jump2.png
  artifactKey: Guid(651a48d26f1e14d88a5fcda1e49c3e8d) Importer(815301076,1909f56bfc062723c751e8b465ee728b)
Start importing Assets/chapter6/cat_jump2.png using Guid(651a48d26f1e14d88a5fcda1e49c3e8d) Importer(815301076,1909f56bfc062723c751e8b465ee728b)  -> (artifact id: '717348bd4ac1efc3af1fa835e955f066') in 0.007816 seconds 
========================================================================
Received Import Request.
  Time since last request: 0.000198 seconds.
  path: Assets/chapter6/cat.png
  artifactKey: Guid(ba7b91d694d7f4d4eb1837af084e7eeb) Importer(815301076,1909f56bfc062723c751e8b465ee728b)
Start importing Assets/chapter6/cat.png using Guid(ba7b91d694d7f4d4eb1837af084e7eeb) Importer(815301076,1909f56bfc062723c751e8b465ee728b)  -> (artifact id: 'b37bb52c1550160e8b648bbe6320d1c4') in 0.008873 seconds 
========================================================================
Received Import Request.
  Time since last request: 0.000210 seconds.
  path: Assets/chapter6/cat_walk2.png
  artifactKey: Guid(5d07c823bb481444091adc1999841021) Importer(815301076,1909f56bfc062723c751e8b465ee728b)
Start importing Assets/chapter6/cat_walk2.png using Guid(5d07c823bb481444091adc1999841021) Importer(815301076,1909f56bfc062723c751e8b465ee728b)  -> (artifact id: '18f0268c7c1d29152dfb2245a1928f58') in 0.007630 seconds 
========================================================================
Received Import Request.
  Time since last request: 0.000197 seconds.
  path: Assets/chapter6/flag.png
  artifactKey: Guid(ee1951c763cc044998ec37400e3e3e17) Importer(815301076,1909f56bfc062723c751e8b465ee728b)
Start importing Assets/chapter6/flag.png using Guid(ee1951c763cc044998ec37400e3e3e17) Importer(815301076,1909f56bfc062723c751e8b465ee728b)  -> (artifact id: '9140a5a29521d11b95f5da41f13c5607') in 0.007039 seconds 
========================================================================
Received Import Request.
  Time since last request: 0.000163 seconds.
  path: Assets/chapter6
  artifactKey: Guid(de79f556286864bc0b190569c94dced1) Importer(815301076,1909f56bfc062723c751e8b465ee728b)
Start importing Assets/chapter6 using Guid(de79f556286864bc0b190569c94dced1) Importer(815301076,1909f56bfc062723c751e8b465ee728b)  -> (artifact id: 'cd1505de9a7a829a2a7aeb356e600e80') in 0.001072 seconds 
========================================================================
Received Import Request.
  Time since last request: 0.000228 seconds.
  path: Assets/chapter6/cat_walk1.png
  artifactKey: Guid(6d398f449132b4d54bbb0f6d9758aea3) Importer(815301076,1909f56bfc062723c751e8b465ee728b)
Start importing Assets/chapter6/cat_walk1.png using Guid(6d398f449132b4d54bbb0f6d9758aea3) Importer(815301076,1909f56bfc062723c751e8b465ee728b)  -> (artifact id: 'd5be3721e1b660896463d8c0efff6da7') in 0.007802 seconds 
========================================================================
Received Import Request.
  Time since last request: 0.000213 seconds.
  path: Assets/chapter6/cloud.png
  artifactKey: Guid(ac37e675a1cfc46a1985f0d47d26d7ff) Importer(815301076,1909f56bfc062723c751e8b465ee728b)
Start importing Assets/chapter6/cloud.png using Guid(ac37e675a1cfc46a1985f0d47d26d7ff) Importer(815301076,1909f56bfc062723c751e8b465ee728b)  -> (artifact id: '3951c798cbac6c08c1813372d7f67127') in 0.007850 seconds 
========================================================================
Received Import Request.
  Time since last request: 0.000250 seconds.
  path: Assets/chapter6/cat_jump3.png
  artifactKey: Guid(f60975e744a4142c8969d863e65a70e4) Importer(815301076,1909f56bfc062723c751e8b465ee728b)
Start importing Assets/chapter6/cat_jump3.png using Guid(f60975e744a4142c8969d863e65a70e4) Importer(815301076,1909f56bfc062723c751e8b465ee728b)  -> (artifact id: '1a345a7d236842d8419155afa2a6ec3f') in 0.007547 seconds 
========================================================================
Received Import Request.
  Time since last request: 0.000186 seconds.
  path: Assets/chapter6/cat_walk3.png
  artifactKey: Guid(1a4287e5643014bda996c5c84363ad1a) Importer(815301076,1909f56bfc062723c751e8b465ee728b)
Start importing Assets/chapter6/cat_walk3.png using Guid(1a4287e5643014bda996c5c84363ad1a) Importer(815301076,1909f56bfc062723c751e8b465ee728b)  -> (artifact id: '06c04e999c5dbbe97a05eedcebf7db32') in 0.008144 seconds 
========================================================================
Received Prepare
Registering precompiled user dll's ...
Registered in 0.005680 seconds.
Begin MonoManager ReloadAssembly
Native extension for OSXStandalone target not found
Refreshing native plugins compatible for Editor in 0.72 ms, found 2 plugins.
Preloading 0 native plugins for Editor in 0.00 ms.
Mono: successfully reloaded assembly
- Completed reload, in  1.434 seconds
Platform modules already initialized, skipping
Refreshing native plugins compatible for Editor in 0.63 ms, found 2 plugins.
Preloading 0 native plugins for Editor in 0.00 ms.
Unloading 3372 Unused Serialized files (Serialized files now loaded: 0)
System memory in use before: 241.5 MB.
System memory in use after: 241.5 MB.

Unloading 17 unused Assets to reduce memory usage. Loaded Objects now: 4169.
Total: 3.377239 ms (FindLiveObjects: 0.423274 ms CreateObjectMapping: 0.236792 ms MarkObjects: 2.602028 ms  DeleteObjects: 0.113628 ms)

========================================================================
Received Prepare
Registering precompiled user dll's ...
Registered in 0.002898 seconds.
Begin MonoManager ReloadAssembly
Native extension for OSXStandalone target not found
Refreshing native plugins compatible for Editor in 0.75 ms, found 2 plugins.
Preloading 0 native plugins for Editor in 0.00 ms.
Mono: successfully reloaded assembly
- Completed reload, in  1.292 seconds
Platform modules already initialized, skipping
Refreshing native plugins compatible for Editor in 0.58 ms, found 2 plugins.
Preloading 0 native plugins for Editor in 0.00 ms.
Unloading 3361 Unused Serialized files (Serialized files now loaded: 0)
System memory in use before: 241.3 MB.
System memory in use after: 241.4 MB.

Unloading 17 unused Assets to reduce memory usage. Loaded Objects now: 4173.
Total: 2.851883 ms (FindLiveObjects: 0.380122 ms CreateObjectMapping: 0.188666 ms MarkObjects: 2.188583 ms  DeleteObjects: 0.093489 ms)

========================================================================
Received Prepare
Registering precompiled user dll's ...
Registered in 0.006152 seconds.
Begin MonoManager ReloadAssembly
Native extension for OSXStandalone target not found
Refreshing native plugins compatible for Editor in 0.82 ms, found 2 plugins.
Preloading 0 native plugins for Editor in 0.00 ms.
Mono: successfully reloaded assembly
- Completed reload, in  1.241 seconds
Platform modules already initialized, skipping
Refreshing native plugins compatible for Editor in 0.70 ms, found 2 plugins.
Preloading 0 native plugins for Editor in 0.00 ms.
Unloading 3361 Unused Serialized files (Serialized files now loaded: 0)
System memory in use before: 241.5 MB.
System memory in use after: 241.6 MB.

Unloading 17 unused Assets to reduce memory usage. Loaded Objects now: 4177.
Total: 2.976112 ms (FindLiveObjects: 0.425244 ms CreateObjectMapping: 0.171448 ms MarkObjects: 2.283457 ms  DeleteObjects: 0.094676 ms)

========================================================================
Received Prepare
Registering precompiled user dll's ...
Registered in 0.006837 seconds.
Begin MonoManager ReloadAssembly
Native extension for OSXStandalone target not found
Refreshing native plugins compatible for Editor in 0.69 ms, found 2 plugins.
Preloading 0 native plugins for Editor in 0.00 ms.
Mono: successfully reloaded assembly
- Completed reload, in  1.496 seconds
Platform modules already initialized, skipping
Refreshing native plugins compatible for Editor in 0.71 ms, found 2 plugins.
Preloading 0 native plugins for Editor in 0.00 ms.
Unloading 3361 Unused Serialized files (Serialized files now loaded: 0)
System memory in use before: 245.8 MB.
System memory in use after: 245.9 MB.

Unloading 17 unused Assets to reduce memory usage. Loaded Objects now: 4181.
Total: 4.237347 ms (FindLiveObjects: 0.513552 ms CreateObjectMapping: 0.323920 ms MarkObjects: 3.215489 ms  DeleteObjects: 0.181412 ms)

========================================================================
Received Prepare
Registering precompiled user dll's ...
Registered in 0.006535 seconds.
Begin MonoManager ReloadAssembly
Native extension for OSXStandalone target not found
Refreshing native plugins compatible for Editor in 0.72 ms, found 2 plugins.
Preloading 0 native plugins for Editor in 0.00 ms.
Mono: successfully reloaded assembly
- Completed reload, in  1.319 seconds
Platform modules already initialized, skipping
Refreshing native plugins compatible for Editor in 0.56 ms, found 2 plugins.
Preloading 0 native plugins for Editor in 0.00 ms.
Unloading 3361 Unused Serialized files (Serialized files now loaded: 0)
System memory in use before: 246.0 MB.
System memory in use after: 246.1 MB.

Unloading 17 unused Assets to reduce memory usage. Loaded Objects now: 4185.
Total: 3.013055 ms (FindLiveObjects: 0.350213 ms CreateObjectMapping: 0.177888 ms MarkObjects: 2.389276 ms  DeleteObjects: 0.094641 ms)

========================================================================
Received Prepare
Registering precompiled user dll's ...
Registered in 0.007099 seconds.
Begin MonoManager ReloadAssembly
Native extension for OSXStandalone target not found
Refreshing native plugins compatible for Editor in 0.85 ms, found 2 plugins.
Preloading 0 native plugins for Editor in 0.00 ms.
Mono: successfully reloaded assembly
- Completed reload, in  1.843 seconds
Platform modules already initialized, skipping
Refreshing native plugins compatible for Editor in 0.60 ms, found 2 plugins.
Preloading 0 native plugins for Editor in 0.00 ms.
Unloading 3362 Unused Serialized files (Serialized files now loaded: 0)
System memory in use before: 246.5 MB.
System memory in use after: 246.5 MB.

Unloading 17 unused Assets to reduce memory usage. Loaded Objects now: 4190.
Total: 3.154823 ms (FindLiveObjects: 0.311592 ms CreateObjectMapping: 0.162759 ms MarkObjects: 2.582800 ms  DeleteObjects: 0.096713 ms)

========================================================================
Received Import Request.
  Time since last request: 44862.020558 seconds.
  path: Assets/PlayerController.cs
  artifactKey: Guid(d84ad06d08d534002984d217755fe970) Importer(815301076,1909f56bfc062723c751e8b465ee728b)
Start importing Assets/PlayerController.cs using Guid(d84ad06d08d534002984d217755fe970) Importer(815301076,1909f56bfc062723c751e8b465ee728b)  -> (artifact id: '0577e3e718453565b4a1c104ed3e1381') in 0.688743 seconds 
========================================================================
Received Prepare
Registering precompiled user dll's ...
Registered in 0.002806 seconds.
Begin MonoManager ReloadAssembly
Native extension for OSXStandalone target not found
Refreshing native plugins compatible for Editor in 0.81 ms, found 2 plugins.
Preloading 0 native plugins for Editor in 0.00 ms.
Mono: successfully reloaded assembly
- Completed reload, in  1.347 seconds
Platform modules already initialized, skipping
Refreshing native plugins compatible for Editor in 0.58 ms, found 2 plugins.
Preloading 0 native plugins for Editor in 0.00 ms.
Unloading 3362 Unused Serialized files (Serialized files now loaded: 0)
System memory in use before: 250.9 MB.
System memory in use after: 251.0 MB.

Unloading 17 unused Assets to reduce memory usage. Loaded Objects now: 4194.
Total: 3.369783 ms (FindLiveObjects: 0.314119 ms CreateObjectMapping: 0.218384 ms MarkObjects: 2.738707 ms  DeleteObjects: 0.097345 ms)

========================================================================
Received Prepare
Registering precompiled user dll's ...
Registered in 0.003376 seconds.
Begin MonoManager ReloadAssembly
Native extension for OSXStandalone target not found
Refreshing native plugins compatible for Editor in 0.81 ms, found 2 plugins.
Preloading 0 native plugins for Editor in 0.00 ms.
Mono: successfully reloaded assembly
- Completed reload, in  1.736 seconds
Platform modules already initialized, skipping
Refreshing native plugins compatible for Editor in 0.66 ms, found 2 plugins.
Preloading 0 native plugins for Editor in 0.00 ms.
Unloading 3362 Unused Serialized files (Serialized files now loaded: 0)
System memory in use before: 251.3 MB.
System memory in use after: 251.4 MB.

Unloading 17 unused Assets to reduce memory usage. Loaded Objects now: 4198.
Total: 3.109055 ms (FindLiveObjects: 0.326947 ms CreateObjectMapping: 0.152455 ms MarkObjects: 2.507526 ms  DeleteObjects: 0.121132 ms)

========================================================================
Received Prepare
Registering precompiled user dll's ...
Registered in 0.003829 seconds.
Begin MonoManager ReloadAssembly
Native extension for OSXStandalone target not found
Refreshing native plugins compatible for Editor in 0.72 ms, found 2 plugins.
Preloading 0 native plugins for Editor in 0.00 ms.
Mono: successfully reloaded assembly
- Completed reload, in  1.391 seconds
Platform modules already initialized, skipping
Refreshing native plugins compatible for Editor in 1.08 ms, found 2 plugins.
Preloading 0 native plugins for Editor in 0.00 ms.
Unloading 3362 Unused Serialized files (Serialized files now loaded: 0)
System memory in use before: 251.5 MB.
System memory in use after: 251.6 MB.

Unloading 17 unused Assets to reduce memory usage. Loaded Objects now: 4202.
Total: 3.367217 ms (FindLiveObjects: 0.373287 ms CreateObjectMapping: 0.190407 ms MarkObjects: 2.666911 ms  DeleteObjects: 0.134578 ms)

========================================================================
Received Prepare
Registering precompiled user dll's ...
Registered in 0.005602 seconds.
Begin MonoManager ReloadAssembly
Native extension for OSXStandalone target not found
Refreshing native plugins compatible for Editor in 0.72 ms, found 2 plugins.
Preloading 0 native plugins for Editor in 0.00 ms.
Mono: successfully reloaded assembly
- Completed reload, in  1.510 seconds
Platform modules already initialized, skipping
Refreshing native plugins compatible for Editor in 0.63 ms, found 2 plugins.
Preloading 0 native plugins for Editor in 0.00 ms.
Unloading 3362 Unused Serialized files (Serialized files now loaded: 0)
System memory in use before: 251.8 MB.
System memory in use after: 251.9 MB.

Unloading 17 unused Assets to reduce memory usage. Loaded Objects now: 4206.
Total: 4.767247 ms (FindLiveObjects: 0.522284 ms CreateObjectMapping: 0.297319 ms MarkObjects: 3.764740 ms  DeleteObjects: 0.181246 ms)

========================================================================
Received Prepare
Registering precompiled user dll's ...
Registered in 0.005687 seconds.
Begin MonoManager ReloadAssembly
Native extension for OSXStandalone target not found
Refreshing native plugins compatible for Editor in 0.71 ms, found 2 plugins.
Preloading 0 native plugins for Editor in 0.00 ms.
Mono: successfully reloaded assembly
- Completed reload, in  1.584 seconds
Platform modules already initialized, skipping
Refreshing native plugins compatible for Editor in 0.62 ms, found 2 plugins.
Preloading 0 native plugins for Editor in 0.00 ms.
Unloading 3362 Unused Serialized files (Serialized files now loaded: 0)
System memory in use before: 258.1 MB.
System memory in use after: 258.2 MB.

Unloading 17 unused Assets to reduce memory usage. Loaded Objects now: 4210.
Total: 3.311974 ms (FindLiveObjects: 0.329832 ms CreateObjectMapping: 0.192464 ms MarkObjects: 2.658169 ms  DeleteObjects: 0.130498 ms)

========================================================================
Received Prepare
Registering precompiled user dll's ...
Registered in 0.002611 seconds.
Begin MonoManager ReloadAssembly
Native extension for OSXStandalone target not found
Refreshing native plugins compatible for Editor in 1.12 ms, found 2 plugins.
Preloading 0 native plugins for Editor in 0.00 ms.
Mono: successfully reloaded assembly
- Completed reload, in  1.526 seconds
Platform modules already initialized, skipping
Refreshing native plugins compatible for Editor in 0.58 ms, found 2 plugins.
Preloading 0 native plugins for Editor in 0.00 ms.
Unloading 3362 Unused Serialized files (Serialized files now loaded: 0)
System memory in use before: 258.4 MB.
System memory in use after: 258.4 MB.

Unloading 17 unused Assets to reduce memory usage. Loaded Objects now: 4214.
Total: 3.969806 ms (FindLiveObjects: 0.371252 ms CreateObjectMapping: 0.231327 ms MarkObjects: 3.265701 ms  DeleteObjects: 0.100259 ms)

========================================================================
Received Prepare
Registering precompiled user dll's ...
Registered in 0.006763 seconds.
Begin MonoManager ReloadAssembly
Native extension for OSXStandalone target not found
Refreshing native plugins compatible for Editor in 0.76 ms, found 2 plugins.
Preloading 0 native plugins for Editor in 0.00 ms.
Mono: successfully reloaded assembly
- Completed reload, in  1.297 seconds
Platform modules already initialized, skipping
Refreshing native plugins compatible for Editor in 0.70 ms, found 2 plugins.
Preloading 0 native plugins for Editor in 0.00 ms.
Unloading 3362 Unused Serialized files (Serialized files now loaded: 0)
System memory in use before: 258.6 MB.
System memory in use after: 258.7 MB.

Unloading 17 unused Assets to reduce memory usage. Loaded Objects now: 4218.
Total: 2.936188 ms (FindLiveObjects: 0.343479 ms CreateObjectMapping: 0.209445 ms MarkObjects: 2.247700 ms  DeleteObjects: 0.133822 ms)

========================================================================
Received Prepare
Registering precompiled user dll's ...
Registered in 0.001784 seconds.
Begin MonoManager ReloadAssembly
Native extension for OSXStandalone target not found
Refreshing native plugins compatible for Editor in 0.70 ms, found 2 plugins.
Preloading 0 native plugins for Editor in 0.00 ms.
Mono: successfully reloaded assembly
- Completed reload, in  1.216 seconds
Platform modules already initialized, skipping
Refreshing native plugins compatible for Editor in 0.58 ms, found 2 plugins.
Preloading 0 native plugins for Editor in 0.00 ms.
Unloading 3362 Unused Serialized files (Serialized files now loaded: 0)
System memory in use before: 258.8 MB.
System memory in use after: 258.9 MB.

Unloading 17 unused Assets to reduce memory usage. Loaded Objects now: 4222.
Total: 3.569281 ms (FindLiveObjects: 0.304725 ms CreateObjectMapping: 0.185234 ms MarkObjects: 2.942801 ms  DeleteObjects: 0.135126 ms)

========================================================================
Received Prepare
Registering precompiled user dll's ...
Registered in 0.012192 seconds.
Begin MonoManager ReloadAssembly
Native extension for OSXStandalone target not found
Refreshing native plugins compatible for Editor in 0.70 ms, found 2 plugins.
Preloading 0 native plugins for Editor in 0.00 ms.
Mono: successfully reloaded assembly
- Completed reload, in  1.431 seconds
Platform modules already initialized, skipping
Refreshing native plugins compatible for Editor in 0.56 ms, found 2 plugins.
Preloading 0 native plugins for Editor in 0.00 ms.
Unloading 3362 Unused Serialized files (Serialized files now loaded: 0)
System memory in use before: 261.7 MB.
System memory in use after: 261.8 MB.

Unloading 17 unused Assets to reduce memory usage. Loaded Objects now: 4226.
Total: 3.131747 ms (FindLiveObjects: 0.329432 ms CreateObjectMapping: 0.166199 ms MarkObjects: 2.480400 ms  DeleteObjects: 0.154243 ms)

========================================================================
Received Prepare
Registering precompiled user dll's ...
Registered in 0.004671 seconds.
Begin MonoManager ReloadAssembly
Native extension for OSXStandalone target not found
Refreshing native plugins compatible for Editor in 0.71 ms, found 2 plugins.
Preloading 0 native plugins for Editor in 0.00 ms.
Mono: successfully reloaded assembly
- Completed reload, in  1.308 seconds
Platform modules already initialized, skipping
Refreshing native plugins compatible for Editor in 0.62 ms, found 2 plugins.
Preloading 0 native plugins for Editor in 0.00 ms.
Unloading 3362 Unused Serialized files (Serialized files now loaded: 0)
System memory in use before: 261.9 MB.
System memory in use after: 262.0 MB.

Unloading 17 unused Assets to reduce memory usage. Loaded Objects now: 4230.
Total: 3.076748 ms (FindLiveObjects: 0.379829 ms CreateObjectMapping: 0.219026 ms MarkObjects: 2.382099 ms  DeleteObjects: 0.094540 ms)

